
5月 12, 2016 13:16:37.80 NEW SESSION
5月 12, 2016 13:16:37.80 1463030197806	addons.update-checker	WARN	Update manifest for dict@www.youdao.com did not contain an updates property
5月 12, 2016 13:16:38.27 1463030198273	addons.update-checker	WARN	Update manifest for firefox@getpocket.com did not contain an updates property
5月 12, 2016 13:16:38.28 1463030198286	addons.update-checker	WARN	Update manifest for e10srollout@mozilla.org did not contain an updates property
5月 12, 2016 13:16:38.44 1463030198442	addons.update-checker	WARN	Update manifest for {972ce4c6-7e08-4474-a285-3208198ce6fd} did not contain an updates property
5月 12, 2016 17:13:54.02 console.warn: Asynchronous operation was aborted as selection changed.
5月 12, 2016 17:15:43.74 console.error: 
5月 12, 2016 17:15:43.75   Protocol error (noSuchActor): No such actor for ID: server1.conn0.animationsActor23
5月 12, 2016 17:15:48.11 console.warn: Asynchronous operation was aborted as selection changed.
5月 12, 2016 17:20:55.22 console.error: 
5月 12, 2016 17:20:55.22   Protocol error (noSuchActor): No such actor for ID: server1.conn1.animationsActor23
5月 12, 2016 17:22:46.61 console.warn: Asynchronous operation was aborted as selection changed.
5月 12, 2016 17:25:09.47 console.warn: Asynchronous operation was aborted as selection changed.
5月 12, 2016 17:32:38.45 console.error: 
5月 12, 2016 17:32:38.45   Protocol error (noSuchActor): No such actor for ID: server1.conn3.animationsActor23
5月 12, 2016 17:32:50.80 console.warn: Asynchronous operation was aborted as selection changed.
5月 12, 2016 18:13:37.50 console.warn: Asynchronous operation was aborted as selection changed.
5月 12, 2016 18:17:51.72 console.error: 
5月 12, 2016 18:17:51.72   Protocol error (noSuchActor): No such actor for ID: server1.conn5.animationsActor23
5月 12, 2016 18:31:44.35 console.error: 
5月 12, 2016 18:31:44.36   Protocol error (noSuchActor): No such actor for ID: server1.conn4.animationsActor23
5月 12, 2016 18:35:22.02 console.warn: Asynchronous operation was aborted as selection changed.
5月 12, 2016 18:39:20.47 *************************
5月 12, 2016 18:39:20.47 A coding exception was thrown in a Promise resolution callback.
5月 12, 2016 18:39:20.47 See https://developer.mozilla.org/Mozilla/JavaScript_code_modules/Promise.jsm/Promise
5月 12, 2016 18:39:20.47 
5月 12, 2016 18:39:20.48 Full message: TypeError: eventLoop is undefined
5月 12, 2016 18:39:20.48 Full stack: ThreadActor.prototype._popThreadPause@resource://gre/modules/commonjs/toolkit/loader.js -> resource://devtools/server/actors/script.js:548:5
5月 12, 2016 18:39:20.48 ThreadActor.prototype.onResume/<@resource://gre/modules/commonjs/toolkit/loader.js -> resource://devtools/server/actors/script.js:1032:7
5月 12, 2016 18:39:20.48 Handler.prototype.process@resource://gre/modules/Promise.jsm -> resource://gre/modules/Promise-backend.js:933:23
5月 12, 2016 18:39:20.49 this.PromiseWalker.walkerLoop@resource://gre/modules/Promise.jsm -> resource://gre/modules/Promise-backend.js:812:7
5月 12, 2016 18:39:20.49 this.PromiseWalker.scheduleWalkerLoop/<@resource://gre/modules/Promise.jsm -> resource://gre/modules/Promise-backend.js:746:11
5月 12, 2016 18:39:20.49 EventLoop.prototype.enter@resource://gre/modules/commonjs/toolkit/loader.js -> resource://devtools/server/actors/script.js:349:5
5月 12, 2016 18:39:20.49 ThreadActor.prototype._pushThreadPause@resource://gre/modules/commonjs/toolkit/loader.js -> resource://devtools/server/actors/script.js:543:5
5月 12, 2016 18:39:20.50 ThreadActor.prototype._pauseAndRespond@resource://gre/modules/commonjs/toolkit/loader.js -> resource://devtools/server/actors/script.js:752:7
5月 12, 2016 18:39:20.50 BreakpointActor<.hit@resource://gre/modules/commonjs/toolkit/loader.js -> resource://devtools/server/actors/breakpoint.js:153:12
5月 12, 2016 18:39:20.50 login.validate_function@http://localhost:8080/wishstack-web/js/common/login_validate.js?v=1463049317538:48:4
5月 12, 2016 18:39:20.50 login.init_function/<@http://localhost:8080/wishstack-web/js/common/login_validate.js?v=1463049317538:31:4
5月 12, 2016 18:39:20.51 v.event.dispatch@http://localhost:8080/wishstack-web/js/common/jquery.min.js?v=1463049317538:2:38001
5月 12, 2016 18:39:20.51 v.event.add/u@http://localhost:8080/wishstack-web/js/common/jquery.min.js?v=1463049317538:2:33899
5月 12, 2016 18:39:20.51 
5月 12, 2016 18:39:20.52 *************************
5月 12, 2016 18:39:20.52 console.error: 
5月 12, 2016 18:39:20.52   Protocol error (noSuchActor): No such actor for ID: server1.conn6.animationsActor23
5月 12, 2016 18:39:25.15 console.warn: Asynchronous operation was aborted as selection changed.
5月 13, 2016 10:11:45.75 [NPAPI 15576] ###!!! ABORT: Aborting on channel error.: file c:/builds/moz2_slave/m-rel-w32-00000000000000000000/build/src/ipc/glue/MessageChannel.cpp, line 1857

5月 13, 2016 17:25:58.65 NEW SESSION
5月 13, 2016 17:25:58.65 1463131558653	addons.update-checker	WARN	Update manifest for dict@www.youdao.com did not contain an updates property
5月 13, 2016 17:25:59.22 1463131559223	addons.update-checker	WARN	Update manifest for e10srollout@mozilla.org did not contain an updates property
5月 13, 2016 17:25:59.26 1463131559261	addons.update-checker	WARN	Update manifest for {972ce4c6-7e08-4474-a285-3208198ce6fd} did not contain an updates property
5月 13, 2016 17:25:59.27 1463131559273	addons.update-checker	WARN	Update manifest for firefox@getpocket.com did not contain an updates property
5月 13, 2016 17:29:11.81 console.warn: Asynchronous operation was aborted as selection changed.
5月 13, 2016 17:34:39.62 console.error: commonfix: 
5月 13, 2016 17:34:39.64   Message: ReferenceError: reason is not defined
5月 13, 2016 17:34:39.64   Stack:
5月 13, 2016 17:34:39.65     exports.onUnload@resource://gre/modules/commonjs/toolkit/loader.js -> resource://commonfix-at-mozillaonline-dot-com/commonfix/lib/main.js:316:1
5月 13, 2016 17:34:39.65 unload/<@resource://gre/modules/commonjs/toolkit/loader.js -> resource://gre/modules/commonjs/sdk/system/unload.js:58:7
5月 13, 2016 17:34:39.65 unload@resource://gre/modules/commonjs/toolkit/loader.js -> resource://gre/modules/commonjs/sdk/system/unload.js:56:3
5月 13, 2016 17:34:39.65 onunload@resource://gre/modules/commonjs/toolkit/loader.js -> resource://gre/modules/commonjs/sdk/system/unload.js:77:5
5月 13, 2016 17:34:39.66 Observer<.observe@resource://gre/modules/commonjs/toolkit/loader.js -> resource://gre/modules/commonjs/sdk/system/events.js:81:7
5月 13, 2016 17:34:39.66 unload@resource://gre/modules/commonjs/toolkit/loader.js:791:3
5月 13, 2016 17:34:39.66 shutdown@resource://gre/modules/addons/XPIProvider.jsm -> jar:file:///C:/Users/lst/AppData/Roaming/Mozilla/Firefox/Profiles/twgnmfsz.default/extensions/commonfix@mozillaonline.com.xpi!/bootstrap.js:303:5
5月 13, 2016 17:34:39.67 this.XPIProvider.callBootstrapMethod@resource://gre/modules/addons/XPIProvider.jsm:4657:9
5月 13, 2016 17:34:39.67 this.XPIProvider.startup/<.observe@resource://gre/modules/addons/XPIProvider.jsm:2751:13
5月 13, 2016 17:34:39.67 
5月 13, 2016 17:34:39.68 console.error: 
5月 13, 2016 17:34:39.68   Protocol error (noSuchActor): No such actor for ID: server1.conn0.animationsActor23
5月 13, 2016 17:34:39.69 console.error: 
5月 13, 2016 17:34:39.69   Protocol error (noSuchActor): No such actor for ID: server1.conn0.highlighter30

5月 18, 2016 10:17:40.69 NEW SESSION
5月 18, 2016 10:17:40.69 1463537860673	addons.update-checker	WARN	Update manifest for dict@www.youdao.com did not contain an updates property
5月 18, 2016 10:17:41.33 1463537861338	addons.update-checker	WARN	Update manifest for e10srollout@mozilla.org did not contain an updates property
5月 18, 2016 10:17:41.62 1463537861620	addons.update-checker	WARN	Update manifest for firefox@getpocket.com did not contain an updates property
5月 18, 2016 10:17:43.05 1463537863058	addons.update-checker	WARN	Update manifest for {972ce4c6-7e08-4474-a285-3208198ce6fd} did not contain an updates property
5月 18, 2016 10:18:40.72 console.error: commonfix: 
5月 18, 2016 10:18:40.73   Message: ReferenceError: reason is not defined
5月 18, 2016 10:18:40.73   Stack:
5月 18, 2016 10:18:40.73     exports.onUnload@resource://gre/modules/commonjs/toolkit/loader.js -> resource://commonfix-at-mozillaonline-dot-com/commonfix/lib/main.js:316:1
5月 18, 2016 10:18:40.74 unload/<@resource://gre/modules/commonjs/toolkit/loader.js -> resource://gre/modules/commonjs/sdk/system/unload.js:58:7
5月 18, 2016 10:18:40.74 unload@resource://gre/modules/commonjs/toolkit/loader.js -> resource://gre/modules/commonjs/sdk/system/unload.js:56:3
5月 18, 2016 10:18:40.74 onunload@resource://gre/modules/commonjs/toolkit/loader.js -> resource://gre/modules/commonjs/sdk/system/unload.js:77:5
5月 18, 2016 10:18:40.75 Observer<.observe@resource://gre/modules/commonjs/toolkit/loader.js -> resource://gre/modules/commonjs/sdk/system/events.js:81:7
5月 18, 2016 10:18:40.75 unload@resource://gre/modules/commonjs/toolkit/loader.js:791:3
5月 18, 2016 10:18:40.75 shutdown@resource://gre/modules/addons/XPIProvider.jsm -> jar:file:///C:/Users/lst/AppData/Roaming/Mozilla/Firefox/Profiles/twgnmfsz.default/extensions/commonfix@mozillaonline.com.xpi!/bootstrap.js:303:5
5月 18, 2016 10:18:40.76 this.XPIProvider.callBootstrapMethod@resource://gre/modules/addons/XPIProvider.jsm:4657:9
5月 18, 2016 10:18:40.76 this.XPIProvider.startup/<.observe@resource://gre/modules/addons/XPIProvider.jsm:2751:13
5月 18, 2016 10:18:40.77 
5月 18, 2016 10:18:41.20 [NPAPI 4444] WARNING: pipe error: 109: file c:/builds/moz2_slave/m-rel-w32-00000000000000000000/build/src/ipc/chromium/src/chrome/common/ipc_channel_win.cc, line 333

5月 19, 2016 11:01:03.88 NEW SESSION
5月 19, 2016 11:01:03.88 1463626863856	addons.update-checker	WARN	Update manifest for dict@www.youdao.com did not contain an updates property
5月 19, 2016 11:01:04.36 1463626864369	addons.update-checker	WARN	Update manifest for e10srollout@mozilla.org did not contain an updates property
5月 19, 2016 11:01:04.80 1463626864805	addons.update-checker	WARN	Update manifest for firefox@getpocket.com did not contain an updates property
5月 19, 2016 11:01:04.81 1463626864817	addons.update-checker	WARN	Update manifest for {972ce4c6-7e08-4474-a285-3208198ce6fd} did not contain an updates property
5月 19, 2016 15:54:28.68 console.warn: Asynchronous operation was aborted as selection changed.
5月 19, 2016 16:10:17.62 console.warn: Asynchronous operation was aborted as selection changed.
5月 19, 2016 16:49:06.25 console.error: 
5月 19, 2016 16:49:06.27   Protocol error (noSuchActor): No such actor for ID: server1.conn1.animationsActor23
5月 19, 2016 16:49:09.02 console.error: 
5月 19, 2016 16:49:09.02   Protocol error (noSuchActor): No such actor for ID: server1.conn0.animationsActor23
